<?xml version="1.0" encoding="UTF-8"?>
<testng-results skipped="0" failed="0" total="1" passed="1">
  <reporter-output>
  </reporter-output>
  <suite name="Default suite" duration-ms="18451" started-at="2020-10-13T06:13:37Z" finished-at="2020-10-13T06:13:56Z">
    <groups>
    </groups>
    <test name="Default test" duration-ms="18451" started-at="2020-10-13T06:13:37Z" finished-at="2020-10-13T06:13:56Z">
      <class name="com.tyss.Orangerpm.script.DeleteCustomer">
        <test-method status="PASS" signature="CreateCustomer()[pri:0, instance:com.tyss.Orangerpm.script.DeleteCustomer@79be86]" name="CreateCustomer" duration-ms="18436" started-at="2020-10-13T11:43:37Z" finished-at="2020-10-13T11:43:56Z">
          <reporter-output>
          </reporter-output>
        </test-method> <!-- CreateCustomer -->
      </class> <!-- com.tyss.Orangerpm.script.DeleteCustomer -->
    </test> <!-- Default test -->
  </suite> <!-- Default suite -->
</testng-results>
